\BOOKMARK [0][-]{chapter.1}{\376\377\000D\000e\000f\000i\000n\000i\000t\000i\000o\000n}{}% 1
\BOOKMARK [1][-]{section.1.1}{\376\377\000A\000b\000s\000t\000r\000a\000c\000t}{chapter.1}% 2
\BOOKMARK [1][-]{section.1.2}{\376\377\000I\000n\000t\000r\000o\000d\000u\000c\000t\000i\000o\000n}{chapter.1}% 3
\BOOKMARK [2][-]{subsection.1.2.1}{\376\377\000J\000u\000s\000t\000i\000f\000i\000c\000a\000t\000i\000o\000n}{section.1.2}% 4
\BOOKMARK [2][-]{subsection.1.2.2}{\376\377\000A\000i\000m}{section.1.2}% 5
\BOOKMARK [2][-]{subsection.1.2.3}{\376\377\000O\000b\000j\000e\000c\000t\000i\000v\000e\000s}{section.1.2}% 6
\BOOKMARK [1][-]{section.1.3}{\376\377\000L\000i\000t\000e\000r\000a\000t\000u\000r\000e\000\040\000R\000e\000v\000i\000e\000w}{chapter.1}% 7
\BOOKMARK [2][-]{subsection.1.3.1}{\376\377\000C\000a\000t\000\040\000b\000e\000h\000a\000v\000i\000o\000u\000r}{section.1.3}% 8
\BOOKMARK [2][-]{subsection.1.3.2}{\376\377\000L\000o\000R\000a}{section.1.3}% 9
\BOOKMARK [2][-]{subsection.1.3.3}{\376\377\000A\000l\000t\000e\000r\000n\000a\000t\000i\000v\000e\000\040\000p\000r\000o\000d\000u\000c\000t\000s}{section.1.3}% 10
\BOOKMARK [0][-]{chapter.2}{\376\377\000D\000e\000v\000e\000l\000o\000p\000m\000e\000n\000t}{}% 11
\BOOKMARK [1][-]{section.2.1}{\376\377\000D\000e\000s\000i\000g\000n}{chapter.2}% 12
\BOOKMARK [2][-]{subsection.2.1.1}{\376\377\000S\000p\000e\000c\000i\000f\000i\000c\000a\000t\000i\000o\000n}{section.2.1}% 13
\BOOKMARK [2][-]{subsection.2.1.2}{\376\377\000S\000y\000s\000t\000e\000m\000\040\000o\000v\000e\000r\000v\000i\000e\000w}{section.2.1}% 14
\BOOKMARK [2][-]{subsection.2.1.3}{\376\377\000H\000a\000r\000d\000w\000a\000r\000e}{section.2.1}% 15
\BOOKMARK [2][-]{subsection.2.1.4}{\376\377\000P\000u\000r\000c\000h\000a\000s\000i\000n\000g}{section.2.1}% 16
\BOOKMARK [1][-]{section.2.2}{\376\377\000D\000e\000v\000e\000l\000o\000p\000m\000e\000n\000t}{chapter.2}% 17
\BOOKMARK [2][-]{subsection.2.2.1}{\376\377\000I\000n\000i\000t\000i\000a\000l\000\040\000f\000u\000n\000c\000t\000i\000o\000n}{section.2.2}% 18
\BOOKMARK [2][-]{subsection.2.2.2}{\376\377\000P\000o\000w\000e\000r\000\040\000t\000e\000s\000t\000e\000r}{section.2.2}% 19
\BOOKMARK [2][-]{subsection.2.2.3}{\376\377\000I\000n\000t\000e\000r\000m\000e\000d\000i\000a\000t\000e\000\040\000s\000t\000e\000p\000s}{section.2.2}% 20
\BOOKMARK [2][-]{subsection.2.2.4}{\376\377\000B\000a\000t\000t\000e\000r\000y\000\040\000t\000e\000s\000t}{section.2.2}% 21
\BOOKMARK [2][-]{subsection.2.2.5}{\376\377\000E\000r\000r\000o\000r\000\040\000i\000n\000v\000e\000s\000t\000i\000g\000a\000t\000i\000o\000n}{section.2.2}% 22
\BOOKMARK [2][-]{subsection.2.2.6}{\376\377\000C\000a\000s\000e\000\040\000d\000e\000s\000i\000g\000n}{section.2.2}% 23
\BOOKMARK [2][-]{subsection.2.2.7}{\376\377\000D\000i\000s\000t\000a\000n\000c\000e\000\040\000t\000e\000s\000t}{section.2.2}% 24
\BOOKMARK [0][-]{chapter.3}{\376\377\000C\000o\000n\000c\000l\000u\000s\000i\000o\000n\000s}{}% 25
\BOOKMARK [1][-]{section.3.1}{\376\377\000A\000s\000s\000e\000s\000s\000m\000e\000n\000t}{chapter.3}% 26
\BOOKMARK [2][-]{subsection.3.1.1}{\376\377\000A\000s\000s\000e\000s\000s\000m\000e\000n\000t\000\040\000o\000f\000\040\000o\000b\000j\000e\000c\000t\000i\000v\000e\000s}{section.3.1}% 27
\BOOKMARK [2][-]{subsection.3.1.2}{\376\377\000A\000s\000s\000e\000s\000s\000m\000e\000n\000t\000\040\000o\000f\000\040\000a\000i\000m\000s\000\040\000a\000n\000d\000\040\000s\000p\000e\000c\000i\000f\000i\000c\000a\000t\000i\000o\000n}{section.3.1}% 28
\BOOKMARK [1][-]{section.3.2}{\376\377\000I\000m\000p\000r\000o\000v\000e\000m\000e\000n\000t\000s}{chapter.3}% 29
\BOOKMARK [2][-]{subsection.3.2.1}{\376\377\000I\000s\000s\000u\000e\000\040\000r\000e\000s\000o\000l\000v\000e\000r\000s}{section.3.2}% 30
\BOOKMARK [2][-]{subsection.3.2.2}{\376\377\000Q\000u\000a\000l\000i\000t\000y\000\040\000i\000m\000p\000r\000o\000v\000e\000m\000e\000n\000t\000s}{section.3.2}% 31
\BOOKMARK [1][-]{section.3.3}{\376\377\000A\000d\000d\000i\000t\000i\000o\000n\000a\000l\000\040\000r\000e\000m\000a\000r\000k\000s}{chapter.3}% 32
\BOOKMARK [1][-]{section.3.4}{\376\377\000E\000v\000a\000l\000u\000a\000t\000i\000o\000n}{chapter.3}% 33
\BOOKMARK [2][-]{subsection.3.4.1}{\376\377\000D\000i\000f\000f\000i\000c\000u\000l\000t\000i\000e\000s}{section.3.4}% 34
\BOOKMARK [2][-]{subsection.3.4.2}{\376\377\000A\000d\000m\000i\000t\000t\000a\000n\000c\000e\000s}{section.3.4}% 35
\BOOKMARK [0][-]{chapter.4}{\376\377\000R\000e\000f\000e\000r\000e\000n\000c\000e\000s}{}% 36
\BOOKMARK [0][-]{appendix.a.A}{\376\377\000A\000p\000p\000e\000n\000d\000i\000x\000\040\000F\000u\000r\000t\000h\000e\000r\000\040\000R\000e\000a\000d\000i\000n\000g}{}% 37
\BOOKMARK [0][-]{appendix.a.B}{\376\377\000A\000p\000p\000e\000n\000d\000i\000x\000\040\000P\000i\000n\000o\000u\000t\000\040\000D\000i\000a\000g\000r\000a\000m\000s}{}% 38
\BOOKMARK [0][-]{appendix.a.C}{\376\377\000A\000p\000p\000e\000n\000d\000i\000x\000\040\000C\000a\000s\000e\000\040\000d\000e\000s\000i\000g\000n}{}% 39
\BOOKMARK [0][-]{appendix.a.D}{\376\377\000A\000p\000p\000e\000n\000d\000i\000x\000\040\000P\000u\000r\000c\000h\000a\000s\000i\000n\000g\000\040\000l\000i\000s\000t\000s}{}% 40
\BOOKMARK [0][-]{appendix.a.E}{\376\377\000A\000p\000p\000e\000n\000d\000i\000x\000\040\000D\000a\000t\000a}{}% 41
\BOOKMARK [1][-]{section.a.E.1}{\376\377\000P\000o\000w\000e\000r\000\040\000C\000o\000n\000s\000u\000m\000p\000t\000i\000o\000n}{appendix.a.E}% 42
\BOOKMARK [1][-]{section.a.E.2}{\376\377\000D\000i\000s\000t\000a\000n\000c\000e}{appendix.a.E}% 43
\BOOKMARK [0][-]{appendix.a.F}{\376\377\000A\000p\000p\000e\000n\000d\000i\000x\000\040\000C\000o\000d\000e}{}% 44
\BOOKMARK [1][-]{section.a.F.1}{\376\377\000P\000o\000w\000e\000r\000\040\000s\000c\000r\000i\000p\000t\000s}{appendix.a.F}% 45
\BOOKMARK [1][-]{section.a.F.2}{\376\377\000D\000i\000s\000t\000a\000n\000c\000e\000\040\000s\000c\000r\000i\000p\000t\000s}{appendix.a.F}% 46
\BOOKMARK [1][-]{section.a.F.3}{\376\377\000M\000i\000c\000r\000o\000c\000o\000n\000t\000r\000o\000l\000l\000e\000r\000\040\000s\000k\000e\000t\000c\000h\000e\000s}{appendix.a.F}% 47
\BOOKMARK [1][-]{section.a.F.4}{\376\377\000S\000B\000C\000\040\000s\000c\000r\000i\000p\000t\000s}{appendix.a.F}% 48
\BOOKMARK [0][-]{appendix.a.G}{\376\377\000A\000p\000p\000e\000n\000d\000i\000x\000\040\000E\000r\000r\000o\000r\000s}{}% 49
