\BOOKMARK [1][-]{section.1}{\376\377\000I\000n\000t\000r\000o\000d\000u\000c\000t\000i\000o\000n\000\040\000t\000o\000\040\000V\000G\000A}{}% 1
\BOOKMARK [2][-]{subsection.1.1}{\376\377\000D\000r\000i\000v\000i\000n\000g\000\040\000t\000h\000e\000\040\000d\000i\000s\000p\000l\000a\000y}{section.1}% 2
\BOOKMARK [3][-]{subsubsection.1.1.1}{\376\377\000C\000l\000o\000c\000k}{subsection.1.1}% 3
\BOOKMARK [3][-]{subsubsection.1.1.2}{\376\377\000S\000i\000g\000n\000a\000l\000s}{subsection.1.1}% 4
\BOOKMARK [3][-]{subsubsection.1.1.3}{\376\377\000D\000r\000a\000w\000i\000n\000g\000\040\000g\000r\000a\000p\000h\000i\000c\000s}{subsection.1.1}% 5
\BOOKMARK [3][-]{subsubsection.1.1.4}{\376\377\000V\000i\000d\000e\000o\000\040\000o\000u\000t\000p\000u\000t}{subsection.1.1}% 6
\BOOKMARK [2][-]{subsection.1.2}{\376\377\000L\000i\000m\000i\000t\000a\000t\000i\000o\000n\000s}{section.1}% 7
\BOOKMARK [2][-]{subsection.1.3}{\376\377\000I\000m\000p\000l\000e\000m\000e\000n\000t\000a\000t\000i\000o\000n}{section.1}% 8
\BOOKMARK [1][-]{section.2}{\376\377\000T\000h\000e\000\040\000g\000a\000m\000e}{}% 9
\BOOKMARK [2][-]{subsection.2.1}{\376\377\000G\000a\000m\000e\000p\000l\000a\000y}{section.2}% 10
\BOOKMARK [2][-]{subsection.2.2}{\376\377\000M\000o\000d\000u\000l\000e\000\040\000o\000v\000e\000r\000v\000i\000e\000w}{section.2}% 11
\BOOKMARK [2][-]{subsection.2.3}{\376\377\000g\000a\000m\000e\000\137\000t\000o\000p}{section.2}% 12
\BOOKMARK [2][-]{subsection.2.4}{\376\377\000s\000p\000i\000\137\000m\000a\000s\000t\000e\000r}{section.2}% 13
\BOOKMARK [2][-]{subsection.2.5}{\376\377\000c\000l\000o\000c\000k\000\137\000g\000e\000n}{section.2}% 14
\BOOKMARK [3][-]{subsubsection.2.5.1}{\376\377\000c\000l\000k\000\137\000w\000i\000z}{subsection.2.5}% 15
\BOOKMARK [2][-]{subsection.2.6}{\376\377\000v\000g\000a\000\137\000c\000o\000n\000t\000r\000o\000l\000l\000e\000r}{section.2}% 16
\BOOKMARK [2][-]{subsection.2.7}{\376\377\000s\000e\000g\000i\000n\000t\000e\000r\000f\000a\000c\000e}{section.2}% 17
\BOOKMARK [3][-]{subsubsection.2.7.1}{\376\377\000s\000e\000v\000e\000n\000s\000e\000g}{subsection.2.7}% 18
\BOOKMARK [2][-]{subsection.2.8}{\376\377\000d\000r\000a\000w\000\137\000c\000o\000n\000t\000r\000o\000l\000l\000e\000r}{section.2}% 19
\BOOKMARK [3][-]{subsubsection.2.8.1}{\376\377\000s\000p\000r\000i\000t\000e\000\137\000r\000e\000t\000i\000c\000l\000e}{subsection.2.8}% 20
\BOOKMARK [3][-]{subsubsection.2.8.2}{\376\377\000s\000p\000r\000i\000t\000e\000\137\000t\000i\000t\000l\000e}{subsection.2.8}% 21
\BOOKMARK [3][-]{subsubsection.2.8.3}{\376\377\000s\000p\000r\000i\000t\000e\000\137\000t\000i\000t\000l\000e}{subsection.2.8}% 22
\BOOKMARK [3][-]{subsubsection.2.8.4}{\376\377\000c\000o\000l\000o\000u\000r\000\137\000p\000i\000c\000k\000e\000r}{subsection.2.8}% 23
\BOOKMARK [3][-]{subsubsection.2.8.5}{\376\377\000c\000o\000l\000o\000u\000r\000\137\000g\000r\000i\000d}{subsection.2.8}% 24
\BOOKMARK [2][-]{subsection.2.9}{\376\377\000U\000n\000i\000m\000p\000l\000e\000m\000e\000n\000t\000e\000d\000\040\000f\000e\000a\000t\000u\000r\000e\000s}{section.2}% 25
\BOOKMARK [3][-]{subsubsection.2.9.1}{\376\377\000F\000O\000R\000\040\000l\000o\000o\000p\000s}{subsection.2.9}% 26
\BOOKMARK [3][-]{subsubsection.2.9.2}{\376\377\000D\000i\000f\000f\000i\000c\000u\000l\000t\000y\000\040\000m\000o\000d\000e\000s}{subsection.2.9}% 27
\BOOKMARK [3][-]{subsubsection.2.9.3}{\376\377\000R\000a\000n\000d\000o\000m\000i\000s\000a\000t\000i\000o\000n}{subsection.2.9}% 28
\BOOKMARK [3][-]{subsubsection.2.9.4}{\376\377\000T\000i\000m\000e\000r\000\040\000a\000n\000d\000\040\000c\000o\000m\000p\000l\000e\000t\000i\000o\000n}{subsection.2.9}% 29
\BOOKMARK [1][-]{section.3}{\376\377\000T\000e\000s\000t\000i\000n\000g\000\040\000a\000n\000d\000\040\000v\000e\000r\000i\000f\000i\000c\000a\000t\000i\000o\000n\000\040\000p\000r\000o\000c\000e\000s\000s}{}% 30
\BOOKMARK [2][-]{subsection.3.1}{\376\377\000T\000h\000e\000\040\000h\000a\000r\000d\000c\000o\000d\000e}{section.3}% 31
\BOOKMARK [2][-]{subsection.3.2}{\376\377\000R\000e\000w\000r\000i\000t\000e\000\040\000i\000n\000\040\000V\000e\000r\000i\000l\000o\000g}{section.3}% 32
\BOOKMARK [1][-]{section.4}{\376\377\000C\000o\000n\000c\000l\000u\000s\000i\000o\000n}{}% 33
\BOOKMARK [2][-]{subsection.4.1}{\376\377\000E\000v\000a\000l\000u\000a\000t\000i\000o\000n}{section.4}% 34
\BOOKMARK [2][-]{subsection.4.2}{\376\377\000R\000e\000f\000l\000e\000c\000t\000i\000o\000n}{section.4}% 35
\BOOKMARK [3][-]{subsubsection.4.2.1}{\376\377\000P\000l\000a\000y\000e\000r\000\040\000c\000o\000m\000m\000e\000n\000t\000s}{subsection.4.2}% 36
\BOOKMARK [3][-]{subsubsection.4.2.2}{\376\377\000G\000e\000n\000e\000r\000a\000l\000\040\000c\000o\000m\000m\000e\000n\000t\000s}{subsection.4.2}% 37
\BOOKMARK [1][-]{appendix.a.A}{\376\377\000A\000p\000p\000e\000n\000d\000i\000x\000\040\000C\000o\000d\000e}{}% 38
\BOOKMARK [2][-]{subsection.a.A.1}{\376\377\000M\000a\000i\000n\000\040\000f\000i\000l\000e\000s}{appendix.a.A}% 39
\BOOKMARK [2][-]{subsection.a.A.2}{\376\377\000G\000r\000a\000p\000h\000i\000c\000s}{appendix.a.A}% 40
\BOOKMARK [2][-]{subsection.a.A.3}{\376\377\000D\000i\000s\000p\000l\000a\000y}{appendix.a.A}% 41
\BOOKMARK [2][-]{subsection.a.A.4}{\376\377\000S\000e\000v\000e\000n\000-\000s\000e\000g\000m\000e\000n\000t\000\040\000d\000i\000s\000p\000l\000a\000y}{appendix.a.A}% 42
